current directory: /Users/aki/Desktop/共同開発課題/markdown/markdown_sample/vendor/bundle/ruby/2.6.0/gems/ffi-1.11.1/ext/ffi_c
/Users/aki/.rbenv/versions/2.6.2/bin/ruby -I /Users/aki/.rbenv/versions/2.6.2/lib/ruby/2.6.0 -r ./siteconf20190927-65393-1x8jxmo.rb extconf.rb
checking for ffi.h... no
checking for ffi.h in /usr/local/include,/usr/include/ffi... no
checking for shlwapi.h... no
checking for rb_thread_call_without_gvl()... yes
checking for ruby_native_thread_p()... yes
checking for ruby_thread_has_gvl_p()... yes
creating extconf.h
creating Makefile

current directory: /Users/aki/Desktop/共同開発課題/markdown/markdown_sample/vendor/bundle/ruby/2.6.0/gems/ffi-1.11.1/ext/ffi_c
make "DESTDIR=" clean

current directory: /Users/aki/Desktop/共同開発課題/markdown/markdown_sample/vendor/bundle/ruby/2.6.0/gems/ffi-1.11.1/ext/ffi_c
make "DESTDIR="
Configuring libffi
clang: error: unsupported option '-print-multi-os-directory'
clang: error: no input files
cd "/Users/aki/Desktop/共同開発課題/markdown/markdown_sample/vendor/bundle/ruby/2.6.0/gems/ffi-1.11.1/ext/ffi_c/libffi-x86_64-darwin18" && /Library/Developer/CommandLineTools/usr/bin/make
/Library/Developer/CommandLineTools/usr/bin/make 'AR_FLAGS=' 'CC_FOR_BUILD=' 'CFLAGS=-Wall -fexceptions' 'CXXFLAGS=-g -O2' 'CFLAGS_FOR_BUILD=' 'CFLAGS_FOR_TARGET=' 'INSTALL=/usr/bin/install -c' 'INSTALL_DATA=/usr/bin/install -c -m 644' 'INSTALL_PROGRAM=/usr/bin/install -c' 'INSTALL_SCRIPT=/usr/bin/install -c' 'JC1FLAGS=' 'LDFLAGS=' 'LIBCFLAGS=' 'LIBCFLAGS_FOR_TARGET=' 'MAKE=/Library/Developer/CommandLineTools/usr/bin/make' 'MAKEINFO=/bin/sh /Users/aki/Desktop/共同開発課題/markdown/markdown_sample/vendor/bundle/ruby/2.6.0/gems/ffi-1.11.1/ext/ffi_c/libffi/missing makeinfo ' 'PICFLAG=' 'PICFLAG_FOR_TARGET=' 'RUNTESTFLAGS=' 'SHELL=/bin/sh' 'exec_prefix=/usr/local' 'infodir=/usr/local/share/info' 'libdir=/usr/local/lib' 'mandir=/usr/local/share/man' 'prefix=/usr/local' 'AR=ar' 'AS=as' 'CC=clang' 'CXX=g++' 'LD=ld' 'NM=/usr/bin/nm -B' 'RANLIB=ranlib' 'DESTDIR=' all-recursive
Making all in include
make[3]: *** No rule to make target `ffi_common.h', needed by `all-am'.  Stop.
make[2]: *** [all-recursive] Error 1
make[1]: *** [all] Error 2
make: *** ["/Users/aki/Desktop/共同開発課題/markdown/markdown_sample/vendor/bundle/ruby/2.6.0/gems/ffi-1.11.1/ext/ffi_c/libffi-x86_64-darwin18"/.libs/libffi_convenience.a] Error 2

make failed, exit code 2
